============================= test session starts ==============================
platform linux -- Python 3.12.12, pytest-8.4.2, pluggy-1.6.0 -- /home/lgcorzo/llmops-python-package/.venv/bin/python
cachedir: .pytest_cache
rootdir: /home/lgcorzo/llmops-python-package
configfile: pyproject.toml
plugins: asyncio-0.25.3, anyio-4.12.1, hydra-core-1.3.2, mock-3.15.1, cov-5.0.0, typeguard-4.4.4, xdist-3.8.0
asyncio: mode=Mode.STRICT, asyncio_default_fixture_loop_scope=None
collecting ... collected 185 items

tests/application/agents/test_agents.py::test_coder_agent_execute_task PASSED [  0%]
tests/application/agents/test_agents.py::test_planner_agent_create_plan PASSED [  1%]
tests/application/agents/test_agents.py::test_reviewer_agent_review_changes PASSED [  1%]
tests/application/agents/test_agents.py::test_tester_agent_run_tests PASSED [  2%]
tests/application/jobs/test_base.py::test_job PASSED                     [  2%]
tests/application/jobs/test_evaluations.py::test_evaluations_job[1-thresholds0] PASSED [  3%]
tests/application/jobs/test_evaluations.py::test_evaluations_job[Promotion-thresholds1] PASSED [  3%]
tests/application/jobs/test_evaluations.py::test_evaluations_job[Promotion-thresholds2] XPASS [  4%]
tests/application/jobs/test_explanations.py::test_explanations_job[1] PASSED [  4%]
tests/application/jobs/test_explanations.py::test_explanations_job[Promotion] PASSED [  5%]
tests/application/jobs/test_hatchet_inference.py::test_hatchet_inference_job_trigger PASSED [  5%]
tests/application/jobs/test_hatchet_inference.py::test_hatchet_inference_job_failure PASSED [  6%]
tests/application/jobs/test_inference.py::test_inference_job[1] PASSED   [  7%]
tests/application/jobs/test_inference.py::test_inference_job[Promotion] PASSED [  7%]
tests/application/jobs/test_promotion.py::test_promotion_job[None] PASSED [  8%]
tests/application/jobs/test_promotion.py::test_promotion_job[1] PASSED   [  8%]
tests/application/jobs/test_promotion.py::test_promotion_job[2] XFAIL    [  9%]
tests/application/jobs/test_training.py::test_training_job PASSED        [  9%]
tests/application/jobs/test_tuning.py::test_tuning_job PASSED            [ 10%]
tests/application/mcp/test_mcp_server.py::test_create_mcp_server PASSED  [ 10%]
tests/application/mcp/test_mcp_server.py::test_list_tools_returns_all_tools PASSED [ 11%]
tests/application/mcp/test_mcp_server.py::test_list_tools_have_schemas PASSED [ 11%]
tests/application/mcp/test_mcp_server.py::test_call_tool_unknown PASSED  [ 12%]
tests/application/mcp/test_mcp_server.py::test_call_tool_plan_mission PASSED [ 12%]
tests/application/mcp/test_mcp_server.py::test_call_tool_execute_code PASSED [ 13%]
tests/application/mcp/test_mcp_server.py::test_call_tool_run_tests PASSED [ 14%]
tests/application/mcp/test_mcp_server.py::test_call_tool_exception_handling PASSED [ 14%]
tests/application/mcp/test_mcp_server.py::test_create_sse_app PASSED     [ 15%]
tests/application/mcp/test_mcp_server.py::test_mcp_server_main_help PASSED [ 15%]
tests/application/mcp/test_mcp_server.py::test_mcp_server_main_stdio PASSED [ 16%]
tests/application/mcp/test_mcp_server.py::test_mcp_server_main_default PASSED [ 16%]
tests/application/mcp/test_mcp_server.py::test_run_stdio PASSED          [ 17%]
tests/application/mcp/test_mcp_server.py::test_call_tool_security_review PASSED [ 17%]
tests/application/mcp/test_mcp_server.py::test_call_tool_retrieve_context PASSED [ 18%]
tests/application/mcp/test_mcp_server.py::test_call_tool_index_code PASSED [ 18%]
tests/application/mcp/test_mcp_server.py::test_sse_asgi_connect PASSED   [ 19%]
tests/application/mcp/test_mcp_server.py::test_call_tool_generate_mission_docs PASSED [ 20%]
tests/application/mcp/tools/test_execute_code.py::test_execute_code_valid_task PASSED [ 20%]
tests/application/mcp/tools/test_execute_code.py::test_execute_code_syntax_error PASSED [ 21%]
tests/application/mcp/tools/test_execute_code.py::test_execute_code_malformed_response PASSED [ 21%]
tests/application/mcp/tools/test_execute_code.py::test_execute_code_path_traversal PASSED [ 22%]
tests/application/mcp/tools/test_generate_mission_docs.py::test_generate_mission_docs_success PASSED [ 22%]
tests/application/mcp/tools/test_generate_mission_docs.py::test_generate_mission_docs_empty_context PASSED [ 23%]
tests/application/mcp/tools/test_generate_mission_docs.py::test_generate_mission_docs_invalid_json PASSED [ 23%]
tests/application/mcp/tools/test_index_code.py::test_index_code_success PASSED [ 24%]
tests/application/mcp/tools/test_index_code.py::test_index_code_empty_content PASSED [ 24%]
tests/application/mcp/tools/test_index_code.py::test_index_code_r2r_error PASSED [ 25%]
tests/application/mcp/tools/test_plan_mission.py::test_plan_mission_valid_goal PASSED [ 25%]
tests/application/mcp/tools/test_plan_mission.py::test_plan_mission_empty_goal PASSED [ 26%]
tests/application/mcp/tools/test_plan_mission.py::test_plan_mission_malformed_response PASSED [ 27%]
tests/application/mcp/tools/test_retrieve_context.py::test_retrieve_context_valid_query PASSED [ 27%]
tests/application/mcp/tools/test_retrieve_context.py::test_retrieve_context_empty_query PASSED [ 28%]
tests/application/mcp/tools/test_retrieve_context.py::test_retrieve_context_r2r_error PASSED [ 28%]
tests/application/mcp/tools/test_run_tests.py::test_run_tests_passing PASSED [ 29%]
tests/application/mcp/tools/test_run_tests.py::test_run_tests_failing PASSED [ 29%]
tests/application/mcp/tools/test_run_tests.py::test_run_tests_timeout PASSED [ 30%]
tests/application/mcp/tools/test_run_tests.py::test_subprocess_sandbox_direct PASSED [ 30%]
tests/application/mcp/tools/test_run_tests.py::test_run_tests_path_traversal PASSED [ 31%]
tests/application/mcp/tools/test_run_tests.py::test_run_tests_delete_action PASSED [ 31%]
tests/application/mcp/tools/test_run_tests.py::test_firecracker_sandbox_run_tests_success PASSED [ 32%]
tests/application/mcp/tools/test_run_tests.py::test_firecracker_sandbox_run_tests_failure PASSED [ 32%]
tests/application/mcp/tools/test_run_tests.py::test_subprocess_sandbox_exception PASSED [ 33%]
tests/application/mcp/tools/test_run_tests.py::test_firecracker_sandbox_run_tests_loop_running PASSED [ 34%]
tests/application/mcp/tools/test_security_review.py::test_owasp_scan_clean_code PASSED [ 34%]
tests/application/mcp/tools/test_security_review.py::test_owasp_scan_command_injection PASSED [ 35%]
tests/application/mcp/tools/test_security_review.py::test_owasp_scan_unsafe_deserialization PASSED [ 35%]
tests/application/mcp/tools/test_security_review.py::test_owasp_scan_weak_hash PASSED [ 36%]
tests/application/mcp/tools/test_security_review.py::test_security_review_clean_diff PASSED [ 36%]
tests/application/mcp/tools/test_security_review.py::test_security_review_insecure_diff PASSED [ 37%]
tests/application/mcp/tools/test_security_review.py::test_security_review_empty_diff PASSED [ 37%]
tests/application/workflows/test_autonomous_mission.py::test_execute_coding_task PASSED [ 38%]
tests/application/workflows/test_autonomous_mission.py::test_plan PASSED [ 38%]
tests/application/workflows/test_autonomous_mission.py::test_fan_out_tasks PASSED [ 39%]
tests/application/workflows/test_autonomous_mission.py::test_aggregate_and_review PASSED [ 40%]
tests/core/test_security.py::test_safe_join_valid PASSED                 [ 40%]
tests/core/test_security.py::test_safe_join_nested_valid PASSED          [ 41%]
tests/core/test_security.py::test_safe_join_traversal PASSED             [ 41%]
tests/core/test_security.py::test_safe_join_traversal_complex PASSED     [ 42%]
tests/core/test_security.py::test_safe_join_absolute_escape PASSED       [ 42%]
tests/core/test_security.py::test_safe_join_directory_prefix_edge_case PASSED [ 43%]
tests/data_access/adapters/test_datasets.py::test_parquet_reader[None] PASSED [ 43%]
tests/data_access/adapters/test_datasets.py::test_parquet_reader[50] PASSED [ 44%]
tests/data_access/adapters/test_datasets.py::test_parquet_writer PASSED  [ 44%]
tests/e2e/test_autonomous_mission_e2e.py::test_autonomous_mission_workflow PASSED [ 45%]
tests/e2e/test_hatchet_connection.py::test_hatchet_connection SKIPPEDeachable server)) [ 45%]
tests/evaluation/metrics/test_metrics.py::TestMetricIntegration::test_scorer_flow PASSED [ 46%]
tests/evaluation/metrics/test_metrics.py::TestAutogenTextMetric::test_score[exact_match-y_true0-y_pred0-1.0-None] PASSED [ 47%]
tests/evaluation/metrics/test_metrics.py::TestAutogenTextMetric::test_score[exact_match-y_true1-y_pred1-0.666-0.7] PASSED [ 47%]
tests/evaluation/metrics/test_metrics.py::TestAutogenTextMetric::test_score[similarity-y_true2-y_pred2-1.0-0.7] PASSED [ 48%]
tests/evaluation/metrics/test_metrics.py::TestAutogenTextMetric::test_score[similarity-y_true3-y_pred3-1.0-0.8] PASSED [ 48%]
tests/evaluation/metrics/test_metrics.py::TestAutogenTextMetric::test_score[length_ratio-y_true4-y_pred4-0.8303030303030302-None] PASSED [ 49%]
tests/evaluation/metrics/test_metrics.py::TestAutogenConversationMetric::test_score[metadata0-True-True-1.0] PASSED [ 49%]
tests/evaluation/metrics/test_metrics.py::TestAutogenConversationMetric::test_score[metadata1-True-True-expected1] PASSED [ 50%]
tests/evaluation/metrics/test_metrics.py::TestAutogenConversationMetric::test_score[metadata2-True-False-0.0] PASSED [ 50%]
tests/evaluation/metrics/test_metrics.py::TestThreshold::test_to_mlflow[0.85-True] PASSED [ 51%]
tests/evaluation/metrics/test_metrics.py::TestThreshold::test_to_mlflow[10.0-False] PASSED [ 51%]
tests/infrastructure/client/test_mcp_client.py::test_mcp_client_connect_success PASSED [ 52%]
tests/infrastructure/client/test_mcp_client.py::test_mcp_client_disconnect PASSED [ 52%]
tests/infrastructure/client/test_mcp_client.py::test_mcp_client_call_tool_success PASSED [ 53%]
tests/infrastructure/client/test_mcp_client.py::test_mcp_client_call_tool_not_json PASSED [ 54%]
tests/infrastructure/client/test_mcp_client.py::test_mcp_client_call_tool_no_session PASSED [ 54%]
tests/infrastructure/client/test_mcp_client.py::test_mcp_client_call_tool_runtime_error PASSED [ 55%]
tests/infrastructure/io/test_configs.py::test_parse_file PASSED          [ 55%]
tests/infrastructure/io/test_configs.py::test_parse_string PASSED        [ 56%]
tests/infrastructure/io/test_configs.py::test_merge_configs PASSED       [ 56%]
tests/infrastructure/io/test_configs.py::test_to_object PASSED           [ 57%]
tests/infrastructure/io/test_osvariables_fix.py::test_mcp_port_collision_avoidance PASSED [ 57%]
tests/infrastructure/io/test_osvariables_fix.py::test_mcp_port_custom_value PASSED [ 58%]
tests/infrastructure/messaging/test_kafka_app.py::test_initialization PASSED [ 58%]
tests/infrastructure/messaging/test_kafka_app.py::test_delivery_report PASSED [ 59%]
tests/infrastructure/messaging/test_kafka_app.py::test_start_producer_failure PASSED [ 60%]
tests/infrastructure/messaging/test_kafka_app.py::test_start_consumer_failure PASSED [ 60%]
tests/infrastructure/messaging/test_kafka_app.py::test_run_server PASSED [ 61%]
tests/infrastructure/messaging/test_kafka_app.py::test_run_server_failure PASSED [ 61%]
tests/infrastructure/messaging/test_kafka_app.py::test_consume_messages PASSED [ 62%]
tests/infrastructure/messaging/test_kafka_app.py::test_consume_messages_with_error PASSED [ 62%]
tests/infrastructure/messaging/test_kafka_app.py::test_poll_message PASSED [ 63%]
tests/infrastructure/messaging/test_kafka_app.py::test_poll_message_no_consumer PASSED [ 63%]
tests/infrastructure/messaging/test_kafka_app.py::test_handle_message_error_partition_eof PASSED [ 64%]
tests/infrastructure/messaging/test_kafka_app.py::test_handle_message_error_other_error PASSED [ 64%]
tests/infrastructure/messaging/test_kafka_app.py::test_process_message PASSED [ 65%]
tests/infrastructure/messaging/test_kafka_app.py::test_process_message_json_decode_error PASSED [ 65%]
tests/infrastructure/messaging/test_kafka_app.py::test_process_message_prediction_error PASSED [ 66%]
tests/infrastructure/messaging/test_kafka_app.py::test_close_consumer PASSED [ 67%]
tests/infrastructure/messaging/test_kafka_app.py::test_stop PASSED       [ 67%]
tests/infrastructure/messaging/test_kafka_app.py::test_main_function PASSED [ 68%]
tests/infrastructure/messaging/test_kafka_app.py::test_process_message_producer_none PASSED [ 68%]
tests/infrastructure/messaging/test_kafka_app.py::test_process_message_exception_on_produce PASSED [ 69%]
tests/infrastructure/messaging/test_kafka_app.py::test_main_prediction_callback_numpy PASSED [ 69%]
tests/infrastructure/messaging/test_kafka_app.py::test_main_prediction_callback_error PASSED [ 70%]
tests/infrastructure/messaging/test_kafka_security.py::test_process_message_generic_error_on_exception PASSED [ 70%]
tests/infrastructure/messaging/test_kafka_security.py::test_process_message_no_pii_logging PASSED [ 71%]
tests/infrastructure/orchestration/test_hatchet_orchestration.py::test_inference_workflow_step PASSED [ 71%]
tests/infrastructure/services/test_hatchet_service.py::test_hatchet_service_fallback PASSED [ 72%]
tests/infrastructure/services/test_hatchet_service.py::test_hatchet_service_stop PASSED [ 72%]
tests/infrastructure/services/test_hatchet_service.py::test_hatchet_service_failure PASSED [ 73%]
tests/infrastructure/services/test_mcp_service.py::test_mcp_service_start PASSED [ 74%]
tests/infrastructure/services/test_mcp_service.py::test_mcp_service_load_prompts_not_found PASSED [ 74%]
tests/infrastructure/services/test_mcp_service.py::test_mcp_service_get_prompt_lazy_load PASSED [ 75%]
tests/infrastructure/services/test_mcp_service.py::test_mcp_service_stop PASSED [ 75%]
tests/infrastructure/services/test_mcp_service.py::test_mcp_service_r2r_client_property PASSED [ 76%]
tests/infrastructure/services/test_mcp_service.py::test_mcp_service_r2r_client_failure PASSED [ 76%]
tests/infrastructure/services/test_sandbox_service.py::test_create_sandbox_e2b_success PASSED [ 77%]
tests/infrastructure/services/test_sandbox_service.py::test_create_sandbox_e2b_failure PASSED [ 77%]
tests/infrastructure/services/test_sandbox_service.py::test_create_sandbox_no_fallback PASSED [ 78%]
tests/infrastructure/services/test_sandbox_service.py::test_execute_success PASSED [ 78%]
tests/infrastructure/services/test_sandbox_service.py::test_execute_error PASSED [ 79%]
tests/infrastructure/services/test_sandbox_service.py::test_execute_not_found PASSED [ 80%]
tests/infrastructure/services/test_sandbox_service.py::test_destroy_success PASSED [ 80%]
tests/infrastructure/services/test_sandbox_service.py::test_destroy_not_found PASSED [ 81%]
tests/infrastructure/services/test_sandbox_service.py::test_upload_artifact PASSED [ 81%]
tests/infrastructure/services/test_sandbox_service.py::test_run_python_tests PASSED [ 82%]
tests/infrastructure/services/test_services.py::test_logger_service PASSED [ 82%]
tests/infrastructure/services/test_services.py::test_alerts_service[True] PASSED [ 83%]
tests/infrastructure/services/test_services.py::test_alerts_service[False] PASSED [ 83%]
tests/infrastructure/services/test_services.py::test_mlflow_service PASSED [ 84%]
tests/infrastructure/utils/test_searchers.py::test_grid_cv_searcher PASSED [ 84%]
tests/infrastructure/utils/test_signers.py::test_infer_signer PASSED     [ 85%]
tests/infrastructure/utils/test_splitters.py::test_train_test_splitter PASSED [ 85%]
tests/infrastructure/utils/test_splitters.py::test_time_series_splitter PASSED [ 86%]
tests/models/test_models.py::test_get_params PASSED                      [ 87%]
tests/models/test_models.py::test_set_params PASSED                      [ 87%]
tests/models/test_models.py::test_predict PASSED                         [ 88%]
tests/models/test_models.py::test_get_internal_model PASSED              [ 88%]
tests/models/test_models.py::test_load_context PASSED                    [ 89%]
tests/registry/adapters/test_mlflow_adapter_security.py::test_custom_saver_adapter_does_not_capture_env_vars PASSED [ 89%]
tests/registry/adapters/test_mlflow_adapter_security.py::test_adapter_does_not_pickle_secrets PASSED [ 90%]
tests/registry/adapters/test_registries.py::test_uri_for_model_alias PASSED [ 90%]
tests/registry/adapters/test_registries.py::test_uri_for_model_version PASSED [ 91%]
tests/registry/adapters/test_registries.py::test_uri_for_model_alias_or_version PASSED [ 91%]
tests/registry/adapters/test_registries.py::test_custom_pipeline PASSED  [ 92%]
tests/registry/adapters/test_security_mlflow_adapter.py::test_mlflow_adapter_no_secret_leak PASSED [ 92%]
tests/registry/adapters/test_security_mlflow_adapter.py::TestSecurityLeak::test_adapter_captures_secret PASSED [ 93%]
tests/registry/adapters/test_security_mlflow_adapter.py::TestSecurityMlflowAdapter::test_no_secret_leakage_in_adapter_init PASSED [ 94%]
tests/security/test_mcp_path_traversal.py::test_execute_code_path_traversal PASSED [ 94%]
tests/security/test_mcp_path_traversal.py::test_run_tests_path_traversal PASSED [ 95%]
tests/test_coverage_gap_fillers.py::test_plan_mission_missing_keys PASSED [ 95%]
tests/test_coverage_gap_fillers.py::test_alert_service_exception PASSED  [ 96%]
tests/test_coverage_gap_fillers.py::test_schemas_main PASSED             [ 96%]
tests/test_coverage_gap_fillers.py::test_abstract_repositories PASSED    [ 97%]
tests/test_sanity.py::test_sanity PASSED                                 [ 97%]
tests/test_scripts.py::test_schema PASSED                                [ 98%]
tests/test_scripts.py::test_main[valid] PASSED                           [ 98%]
tests/test_scripts.py::test_main[invalid] XFAIL (Invalid config.)        [ 99%]
tests/test_scripts.py::test_main__no_configs PASSED                      [100%]

=============================== warnings summary ===============================
src/autogen_team/infrastructure/io/osvariables.py:15
  /home/lgcorzo/llmops-python-package/src/autogen_team/infrastructure/io/osvariables.py:15: PydanticDeprecatedSince20: Support for class-based `config` is deprecated, use ConfigDict instead. Deprecated in Pydantic V2.0 to be removed in V3.0. See Pydantic V2 Migration Guide at https://errors.pydantic.dev/2.12/migration/
    class Env(Singleton, BaseSettings):

.venv/lib/python3.12/site-packages/mlflow/pyfunc/model.py:186
  /home/lgcorzo/llmops-python-package/.venv/lib/python3.12/site-packages/mlflow/pyfunc/model.py:186: UserWarning: [31mType hint used in the model's predict function is not supported for MLflow's schema validation. Type hints must be wrapped in list[...] because MLflow assumes the predict method to take multiple input instances. Specify your type hint as `list[pandera.typing.pandas.DataFrame[autogen_team.core.schemas.InputsSchema]]` for a valid signature. Remove the type hint to disable this warning. To enable validation for the input data, specify input example or model signature when logging the model. [0m
    func_info = _get_func_info_if_type_hint_supported(predict_attr)

src/autogen_team/application/agents/tester_agent.py:6
  /home/lgcorzo/llmops-python-package/src/autogen_team/application/agents/tester_agent.py:6: PytestCollectionWarning: cannot collect test class 'TesterAgent' because it has a __init__ constructor (from: tests/application/agents/test_agents.py)
    class TesterAgent:

tests/application/jobs/test_evaluations.py: 6 warnings
tests/application/jobs/test_explanations.py: 4 warnings
tests/application/jobs/test_inference.py: 4 warnings
tests/application/jobs/test_promotion.py: 6 warnings
tests/application/jobs/test_training.py: 2 warnings
tests/registry/adapters/test_registries.py: 2 warnings
tests/test_scripts.py: 2 warnings
  /home/lgcorzo/llmops-python-package/.venv/lib/python3.12/site-packages/mlflow/pyfunc/__init__.py:3215: UserWarning: Failed to infer signature from type hint: Type hints must be wrapped in list[...] because MLflow assumes the predict method to take multiple input instances. Specify your type hint as `list[pandera.typing.pandas.DataFrame[autogen_team.core.schemas.InputsSchema]]` for a valid signature.
    signature_from_type_hints = _infer_signature_from_type_hints(

tests/application/jobs/test_evaluations.py: 3 warnings
tests/application/jobs/test_training.py: 1 warning
tests/application/jobs/test_tuning.py: 1 warning
tests/data_access/adapters/test_datasets.py: 2 warnings
tests/test_scripts.py: 3 warnings
  /home/lgcorzo/llmops-python-package/.venv/lib/python3.12/site-packages/mlflow/data/dataset_source_registry.py:148: UserWarning: Failed to determine whether UCVolumeDatasetSource can resolve source information for '/home/lgcorzo/llmops-python-package/tests/data/inputs_sample.parquet'. Exception: 
    return _dataset_source_registry.resolve(

tests/application/jobs/test_evaluations.py: 9 warnings
tests/application/jobs/test_training.py: 2 warnings
tests/application/jobs/test_tuning.py: 2 warnings
tests/data_access/adapters/test_datasets.py: 2 warnings
tests/test_scripts.py: 7 warnings
  /home/lgcorzo/llmops-python-package/.venv/lib/python3.12/site-packages/mlflow/data/dataset_source_registry.py:148: UserWarning: The specified dataset source can be interpreted in multiple ways: LocalArtifactDatasetSource, LocalArtifactDatasetSource. MLflow will assume that this is a LocalArtifactDatasetSource source.
    return _dataset_source_registry.resolve(

tests/application/jobs/test_evaluations.py::test_evaluations_job[1-thresholds0]
tests/application/jobs/test_evaluations.py::test_evaluations_job[Promotion-thresholds1]
tests/application/jobs/test_evaluations.py::test_evaluations_job[Promotion-thresholds2]
tests/application/jobs/test_training.py::test_training_job
tests/application/jobs/test_tuning.py::test_tuning_job
tests/test_scripts.py::test_main[valid]
tests/test_scripts.py::test_main[valid]
tests/test_scripts.py::test_main[valid]
  /home/lgcorzo/llmops-python-package/.venv/lib/python3.12/site-packages/mlflow/data/dataset_source_registry.py:148: UserWarning: Failed to determine whether UCVolumeDatasetSource can resolve source information for '/home/lgcorzo/llmops-python-package/tests/data/targets_sample.parquet'. Exception: 
    return _dataset_source_registry.resolve(

tests/application/jobs/test_evaluations.py::test_evaluations_job[1-thresholds0]
tests/application/jobs/test_evaluations.py::test_evaluations_job[Promotion-thresholds1]
tests/application/jobs/test_evaluations.py::test_evaluations_job[Promotion-thresholds2]
tests/test_scripts.py::test_main[valid]
  /home/lgcorzo/llmops-python-package/.venv/lib/python3.12/site-packages/mlflow/data/dataset_source_registry.py:148: UserWarning: Failed to determine whether UCVolumeDatasetSource can resolve source information for '/home/lgcorzo/llmops-python-package/tests/data/inputs_sample.parquet & /home/lgcorzo/llmops-python-package/tests/data/targets_sample.parquet'. Exception: 
    return _dataset_source_registry.resolve(

tests/infrastructure/services/test_services.py::test_alerts_service[True]
  /home/lgcorzo/llmops-python-package/.venv/lib/python3.12/site-packages/plyer/platforms/linux/notification.py:103: UserWarning: The Python dbus package is not installed.
  Try installing it with your distribution's package manager, it is usually called python-dbus or python3-dbus, but you might have to try dbus-python instead, e.g. when using pip.
    warnings.warn(msg)

-- Docs: https://docs.pytest.org/en/stable/how-to/capture-warnings.html

---------- coverage: platform linux, python 3.12.12-final-0 ----------
Name                                                                 Stmts   Miss Branch BrPart  Cover   Missing
----------------------------------------------------------------------------------------------------------------
src/autogen_team/__init__.py                                             0      0      0      0   100%
src/autogen_team/application/__init__.py                                 2      0      0      0   100%
src/autogen_team/application/agents/coder_agent.py                      12      0      0      0   100%
src/autogen_team/application/agents/documentation_agent.py              12      7      0      0    42%   13, 19-29
src/autogen_team/application/agents/planner_agent.py                    12      0      0      0   100%
src/autogen_team/application/agents/reviewer_agent.py                   17      0      0      0   100%
src/autogen_team/application/agents/tester_agent.py                     12      0      0      0   100%
src/autogen_team/application/jobs/__init__.py                            9      0      0      0   100%
src/autogen_team/application/jobs/base.py                               31      0      0      0   100%
src/autogen_team/application/jobs/evaluations.py                        61      0      0      0   100%
src/autogen_team/application/jobs/explanations.py                       39      0      0      0   100%
src/autogen_team/application/jobs/hatchet_inference.py                  27      0      0      0   100%
src/autogen_team/application/jobs/inference.py                          33      0      0      0   100%
src/autogen_team/application/jobs/promotion.py                          23      0      2      0   100%
src/autogen_team/application/jobs/training.py                           77      0      2      0   100%
src/autogen_team/application/jobs/tuning.py                             51      0      0      0   100%
src/autogen_team/application/mcp/__init__.py                             2      0      0      0   100%
src/autogen_team/application/mcp/mcp_server.py                          74      4     20      2    94%   178-179, 187, 220
src/autogen_team/application/mcp/tools/__init__.py                       7      0      0      0   100%
src/autogen_team/application/mcp/tools/execute_code.py                  56      3     12      2    93%   90, 103->84, 108-109
src/autogen_team/application/mcp/tools/generate_mission_docs.py         23      2      6      2    86%   65, 67
src/autogen_team/application/mcp/tools/index_code.py                    22      1      2      0    96%   49
src/autogen_team/application/mcp/tools/plan_mission.py                  21      0      6      0   100%
src/autogen_team/application/mcp/tools/retrieve_context.py              22      1      2      0    96%   51
src/autogen_team/application/mcp/tools/run_tests.py                     70      2     10      2    95%   144-145, 181->185, 194->196
src/autogen_team/application/mcp/tools/security_review.py               52      5     12      0    92%   122-123, 182-184
src/autogen_team/application/workflows/autonomous_mission.py            76     14      4      0    80%   180-209
src/autogen_team/core/__init__.py                                        0      0      0      0   100%
src/autogen_team/core/schemas.py                                        43      4      2      1    89%   103-113
src/autogen_team/core/security.py                                        7      0      2      0   100%
src/autogen_team/data_access/__init__.py                                 3      0      0      0   100%
src/autogen_team/data_access/adapters/__init__.py                        2      0      0      0   100%
src/autogen_team/data_access/adapters/datasets.py                       34      0      2      0   100%
src/autogen_team/data_access/entities.py                                 8      0      0      0   100%
src/autogen_team/data_access/repositories.py                             6      1      0      0    83%   14
src/autogen_team/evaluation/__init__.py                                  3      0      0      0   100%
src/autogen_team/evaluation/entities.py                                  6      0      0      0   100%
src/autogen_team/evaluation/metrics/__init__.py                          2      0      0      0   100%
src/autogen_team/evaluation/metrics/metrics.py                          79      1     10      2    97%   136, 175->179
src/autogen_team/evaluation/services/__init__.py                         1      1      0      0     0%   5
src/autogen_team/infrastructure/__init__.py                              4      0      0      0   100%
src/autogen_team/infrastructure/client/mcp_client.py                    35      0     10      2    96%   38->40, 40->exit
src/autogen_team/infrastructure/io/__init__.py                           3      0      0      0   100%
src/autogen_team/infrastructure/io/configs.py                           11      0      0      0   100%
src/autogen_team/infrastructure/io/osvariables.py                       34      0      2      0   100%
src/autogen_team/infrastructure/messaging/__init__.py                    2      0      0      0   100%
src/autogen_team/infrastructure/messaging/a2a_protocol.py               25      0      0      0   100%
src/autogen_team/infrastructure/messaging/kafka_app.py                 199     16     36     11    89%   76, 119-122, 138-139, 157, 161, 182, 223->225, 230->233, 244, 257->266, 261, 267, 269, 287, 331
src/autogen_team/infrastructure/orchestration/hatchet_workflows.py      12      0      0      0   100%
src/autogen_team/infrastructure/services/__init__.py                     6      0      0      0   100%
src/autogen_team/infrastructure/services/alert_service.py               16      0      2      0   100%
src/autogen_team/infrastructure/services/hatchet_service.py             55      2     16      6    89%   29->31, 31->33, 33->35, 35->39, 48-49, 56->58, 81->83
src/autogen_team/infrastructure/services/logger_service.py              55      0      0      0   100%
src/autogen_team/infrastructure/services/mcp_service.py                 44      1     10      3    93%   72->exit, 79->81, 83
src/autogen_team/infrastructure/services/mlflow_service.py              44      0      0      0   100%
src/autogen_team/infrastructure/services/sandbox_service.py             64      2     10      2    95%   15, 105, 134->136
src/autogen_team/infrastructure/utils/__init__.py                        4      0      0      0   100%
src/autogen_team/infrastructure/utils/searchers.py                      30      0      0      0   100%
src/autogen_team/infrastructure/utils/signers.py                        16      0      0      0   100%
src/autogen_team/infrastructure/utils/splitters.py                      38      0      0      0   100%
src/autogen_team/models/__init__.py                                      2      0      0      0   100%
src/autogen_team/models/entities.py                                    142     14     44     12    86%   107, 118, 129, 176, 179, 202-203, 211, 231, 266->263, 294, 299, 355->354, 367->366, 371-373, 380, 382->exit
src/autogen_team/models/repositories.py                                  9      2      0      0    78%   13, 18
src/autogen_team/registry/__init__.py                                    3      0      0      0   100%
src/autogen_team/registry/adapters/__init__.py                           2      0      0      0   100%
src/autogen_team/registry/adapters/mlflow_adapter.py                    94      5      2      0    95%   184-189, 271
src/autogen_team/registry/entities.py                                   12      0      0      0   100%
src/autogen_team/registry/repositories.py                                9      2      0      0    78%   13, 18
src/autogen_team/scripts.py                                             27      0      4      0   100%
src/autogen_team/settings.py                                             6      0      0      0   100%
----------------------------------------------------------------------------------------------------------------
TOTAL                                                                 2040     90    230     47    94%

= 181 passed, 1 skipped, 2 xfailed, 1 xpassed, 74 warnings in 736.93s (0:12:16) =
